# Namespace(base_learning_rate=0.1, batch_size=128, cudnn_workspace_limit_mb=64, db_type='minidb', epoch_size=49920, file_store_path='./models', gpus=None, image_size=32, load_model_path=None, num_channels=3, num_epochs=100, num_gpus=1, num_labels=10, num_shards=1, redis_host=None, redis_port=6379, run_id=None, save_model_name='mobilenet', shard_id=0, test_data='/data/cifar10/test_minidb', train_data='/data/cifar10/train_minidb', weight_decay=0.0001)
time_spent,cumulative_time_spent,input_count,cumulative_input_count,cumulative_batch_count,inputs_per_sec,accuracy,epoch,learning_rate,loss,test_accuracy
1033.52569699,1033.525702,0,0,389,0.0,0.609375,0,0.10000000149,1.1388425827,0.567421875
1027.57396412,2061.09966707,49920,49920,779,48.5804445647,0.734375,1,0.10000000149,0.880010426044,0.677734375
1027.45164394,3088.55131102,49920,99840,1169,48.5862281639,0.75,2,0.10000000149,0.729432523251,0.743125
1027.13634109,4115.68765187,49920,149760,1559,48.6011428111,0.84375,3,0.10000000149,0.539079368114,0.778125
1027.33735299,5143.02500606,49920,199680,1949,48.5916333663,0.78125,4,0.10000000149,0.5694835186,0.797734375
1027.4314959,6170.45650196,49920,249600,2339,48.5871809449,0.8046875,5,0.10000000149,0.635324418545,0.81203125
1027.29950309,7197.75600505,49920,299520,2729,48.5934236802,0.796875,6,0.10000000149,0.579623222351,0.815703125
1027.48228812,8225.23829389,49920,349440,3119,48.5847791024,0.890625,7,0.10000000149,0.297050774097,0.821328125
1028.26517892,9253.503474,49920,399360,3509,48.5477880837,0.9140625,8,0.10000000149,0.268039166927,0.8275
1028.80480504,10282.30828,49920,449280,3899,48.5223239194,0.90625,9,0.10000000149,0.265437066555,0.825625
1027.29585004,11309.604131,49920,499200,4289,48.5935964777,0.9140625,10,0.10000000149,0.221606045961,0.829609375
1027.16978002,12336.773911,49920,549120,4679,48.5995606288,0.9453125,11,0.10000000149,0.230693042278,0.8309375
1027.16558409,13363.939497,49920,599040,5069,48.599759156,0.953125,12,0.10000000149,0.140952125192,0.841875
1027.329813,14391.269311,49920,648960,5459,48.5919899998,0.9140625,13,0.10000000149,0.26866966486,0.835078125
1028.51764107,15419.7869539,49920,698880,5849,48.5358714394,0.9140625,14,0.10000000149,0.242681369185,0.834765625
1028.81116199,16448.5981159,49920,748800,6239,48.5220241032,0.90625,15,0.10000000149,0.231651708484,0.846875
1028.43269205,17477.0308089,49920,798720,6629,48.5398805248,0.953125,16,0.10000000149,0.142028152943,0.841484375
1028.70404911,18505.734858,49920,848640,7019,48.5270764154,0.9296875,17,0.10000000149,0.143396839499,0.84359375
1028.79775786,19534.5326159,49920,898560,7409,48.5226562932,0.9609375,18,0.10000000149,0.108626529574,0.84484375
1028.67129683,20563.2039149,49920,948480,7799,48.5286214883,0.9765625,19,0.10000000149,0.0769896358252,0.846328125
1027.30676079,21590.5106769,49920,998400,8189,48.5930803782,0.953125,20,0.10000000149,0.119083851576,0.84515625
1027.0337348,22617.5444119,49920,1048320,8579,48.6059983315,0.90625,21,0.10000000149,0.208443507552,0.848359375
1026.42003989,23643.964463,49920,1098240,8969,48.6350597804,0.96875,22,0.10000000149,0.102371275425,0.840234375
1033.02940512,24676.99387,49920,1148160,9359,48.3238906392,0.953125,23,0.10000000149,0.172393679619,0.848203125
1031.64516592,25708.6390378,49920,1198080,9749,48.3887305918,0.9765625,24,0.10000000149,0.133147507906,0.851171875
1029.06509805,26737.704134,49920,1248000,10139,48.5100506224,0.90625,25,0.10000000149,0.23723551631,0.84421875
1027.03069401,27764.7348289,49920,1297920,10529,48.6061422421,0.9609375,26,0.10000000149,0.119212828577,0.85625
1026.20611,28790.9409399,49920,1347840,10919,48.6451985751,0.96875,27,0.10000000149,0.0796397775412,0.846484375
1026.33872819,29817.279669,49920,1397760,11309,48.6389128939,0.9609375,28,0.10000000149,0.0943391248584,0.85234375
1027.15584397,30844.435513,49920,1447680,11699,48.6002200084,0.9609375,29,0.0100000007078,0.0998426377773,0.850546875
1031.585958,31876.021472,49920,1497600,12089,48.3915078648,1.0,30,0.0100000007078,0.0225694142282,0.88546875
1027.22872496,32903.2501979,49920,1547520,12479,48.5967718651,1.0,31,0.0100000007078,0.00781938433647,0.8840625
1026.50939178,33929.7595899,49920,1597440,12869,48.6308263709,0.9921875,32,0.0100000007078,0.0126589769498,0.88671875
1029.11972308,34958.879313,49920,1647360,13259,48.5074757391,0.9921875,33,0.0100000007078,0.0142822815105,0.88921875
1028.32249904,35987.201813,49920,1697280,13649,48.5450819629,1.0,34,0.0100000007078,0.00977019406855,0.886015625
1027.71140695,37014.9132209,49920,1747200,14039,48.5739475719,1.0,35,0.0100000007078,0.00683724787086,0.888203125
1029.26840591,38044.181628,49920,1797120,14429,48.500468598,1.0,36,0.0100000007078,0.00314861047082,0.89046875
1042.16249609,39086.344125,49920,1847040,14819,47.9003995896,1.0,37,0.0100000007078,0.00292223435827,0.891015625
1027.63272095,40113.976846,49920,1896960,15209,48.5776668867,1.0,38,0.0100000007078,0.00130354764406,0.885625
1027.32043815,41141.2972839,49920,1946880,15599,48.5924334281,1.0,39,0.0100000007078,0.00300013646483,0.889453125
1027.4194169,42168.716702,49920,1996800,15989,48.5877521669,1.0,40,0.0100000007078,0.00139587838203,0.88734375
1028.4760201,43197.1927218,49920,2046720,16379,48.5378356175,1.0,41,0.0100000007078,0.00141112215351,0.89109375
1028.7829659,44225.9756889,49920,2096640,16769,48.5233539578,1.0,42,0.0100000007078,0.0017408534186,0.88546875
1028.71940494,45254.695096,49920,2146560,17159,48.5263520455,1.0,43,0.0100000007078,0.00188406871166,0.887578125
1028.78904605,46283.484143,49920,2196480,17549,48.5230671844,1.0,44,0.0100000007078,0.00124649784993,0.889765625
1028.92023396,47312.4043779,49920,2246400,17939,48.5168804657,1.0,45,0.0100000007078,0.000644063169602,0.889140625
1028.8756361,48341.280015,49920,2296320,18329,48.5189834888,1.0,46,0.0100000007078,0.00125964893959,0.889765625
1029.08962512,49370.3696411,49920,2346240,18719,48.5088944456,1.0,47,0.0100000007078,0.00103515945375,0.8903125
1029.02300692,50399.3926489,49920,2396160,19109,48.5120348763,1.0,48,0.0100000007078,0.00172925589141,0.892421875
1028.91408205,51428.3067319,49920,2446080,19499,48.5171705499,1.0,49,0.0100000007078,0.00123693782371,0.8865625
1028.71925402,52457.0259869,49920,2496000,19889,48.5263591646,1.0,50,0.0100000007078,0.000466999568744,0.885234375
1028.50893807,53485.5349259,49920,2545920,20279,48.5362821382,1.0,51,0.0100000007078,0.00102327915374,0.8890625
1028.77359414,54514.308521,49920,2595840,20669,48.5237959881,1.0,52,0.0100000007078,0.000530786288437,0.889609375
1028.66210008,55542.9706221,49920,2645760,21059,48.5290553587,1.0,53,0.0100000007078,0.00133243307937,0.8878125
1028.80223799,56571.7728601,49920,2695680,21449,48.5224449916,1.0,54,0.0100000007078,0.0019809238147,0.891484375
1028.65827107,57600.4311318,49920,2745600,21839,48.5292359997,1.0,55,0.0100000007078,0.000992286601104,0.891015625
1028.53489804,58628.966032,49920,2795520,22229,48.5350570943,1.0,56,0.0100000007078,0.00101523217745,0.8871875
1030.00657892,59658.9726119,49920,2845440,22619,48.4657098523,1.0,57,0.0100000007078,0.00102217111271,0.891953125
1028.73248315,60687.705096,49920,2895360,23009,48.525735133,1.0,58,0.0100000007078,0.00063905963907,0.89234375
1022.03143501,61709.736532,49920,2945280,23399,48.8438988174,1.0,59,0.0010000000475,0.000676785188261,0.890234375
1023.1042881,62732.840821,49920,2995200,23789,48.7926798671,1.0,60,0.0010000000475,0.00120163359679,0.885546875
1028.80500603,63761.645828,49920,3045120,24179,48.5223144401,1.0,61,0.0010000000475,0.000676476280205,0.888125
1028.90711093,64790.5529399,49920,3095040,24569,48.5174992667,1.0,62,0.0010000000475,0.000779217923991,0.888671875
1028.85535908,65819.4082999,49920,3144960,24959,48.519939717,1.0,63,0.0010000000475,0.000950511486735,0.88546875
1028.878268,66848.2865689,49920,3194880,25349,48.5188593757,1.0,64,0.0010000000475,0.000637857068796,0.888828125
1029.00957894,67877.2961481,49920,3244800,25739,48.5126679299,1.0,65,0.0010000000475,0.000420503725763,0.888984375
1029.05488992,68906.351038,49920,3294720,26129,48.5105318376,1.0,66,0.0010000000475,0.000397957657697,0.8915625
1029.03443694,69935.3854771,49920,3344640,26519,48.5114960277,1.0,67,0.0010000000475,0.000790970399976,0.886484375
1028.979141,70964.3646181,49920,3394560,26909,48.5141029697,1.0,68,0.0010000000475,0.000969475135207,0.88765625
1028.91907096,71993.28369,49920,3444480,27299,48.5169353052,1.0,69,0.0010000000475,0.000355025345925,0.888515625
1028.94794202,73022.2316329,49920,3494400,27689,48.5155739775,1.0,70,0.0010000000475,0.000589768227655,0.889296875
1028.92027712,74051.151911,49920,3544320,28079,48.5168784308,1.0,71,0.0010000000475,0.00106103322469,0.888046875
1028.92890692,75080.0808189,49920,3594240,28469,48.5164715117,1.0,72,0.0010000000475,0.00103417946957,0.888203125
1028.38504815,76108.465868,49920,3644160,28859,48.5421293218,1.0,73,0.0010000000475,0.00141039071605,0.891640625
876.765427113,76985.2312949,49920,3694080,29249,56.9365516207,1.0,74,0.0010000000475,0.00151403027121,0.88796875
974.49779582,77959.7290919,49920,3744000,29639,51.2263857488,1.0,75,0.0010000000475,0.000776924367528,0.890234375
1033.25921679,78992.9883089,49920,3793920,30029,48.3131427129,1.0,76,0.0010000000475,0.00125274958555,0.889140625
1035.63768315,80028.625993,49920,3843840,30419,48.202185776,1.0,77,0.0010000000475,0.00109125801828,0.8884375
1037.96283698,81066.5888309,49920,3893760,30809,48.0942074431,1.0,78,0.0010000000475,0.000996222486719,0.887734375
1037.89693403,82104.485765,49920,3943680,31199,48.0972612628,1.0,79,0.0010000000475,0.0015833999496,0.8878125
1026.61720419,83131.1029708,49920,3993600,31589,48.6257193005,1.0,80,0.0010000000475,0.000669521337841,0.891171875
1027.46077704,84158.5637491,49920,4043520,31979,48.5857962808,1.0,81,0.0010000000475,0.00145446765237,0.88828125
1027.5259459,85186.089695,49920,4093440,32369,48.5827148201,1.0,82,0.0010000000475,0.000702369608916,0.88609375
1027.74183702,86213.8315339,49920,4143360,32759,48.5725093614,1.0,83,0.0010000000475,0.000963039055932,0.89109375
1027.41611505,87241.2476499,49920,4193280,33149,48.5879083158,1.0,84,0.0010000000475,0.00096124765696,0.889296875
1027.308671,88268.5563209,49920,4243200,33539,48.5929900227,1.0,85,0.0010000000475,0.000537208863534,0.890078125
1027.26708412,89295.823405,49920,4293120,33929,48.5949572138,1.0,86,0.0010000000475,0.000523473951034,0.889453125
1027.30702806,90323.130434,49920,4343040,34319,48.593067736,1.0,87,0.0010000000475,0.00046306263539,0.889375
1027.73275208,91350.8631871,49920,4392960,34709,48.5729387321,1.0,88,0.0010000000475,0.000747461337596,0.88703125
1028.85317087,92379.7163589,49920,4442880,35099,48.5200429112,1.0,89,0.00010000000475,0.00118732731789,0.886015625
1028.54379201,93408.2601509,49920,4492800,35489,48.5346374047,1.0,90,0.00010000000475,0.000525777810253,0.88953125
1027.87346601,94436.1336179,49920,4542720,35879,48.5662891888,1.0,91,0.00010000000475,0.000695648661349,0.888984375
1027.630723,95463.7643421,49920,4592640,36269,48.5777613327,1.0,92,0.00010000000475,0.000755656277761,0.886484375
1027.93112183,96491.6954648,49920,4642560,36659,48.5635651456,1.0,93,0.00010000000475,0.000603399646934,0.888828125
1027.76550889,97519.460974,49920,4692480,37049,48.5713906219,1.0,94,0.00010000000475,0.000647653941996,0.889921875
1015.25712705,98534.7181029,49920,4742400,37439,49.1698099625,1.0,95,0.00010000000475,0.000674106006045,0.8890625
1027.68919516,99562.407299,49920,4792320,37829,48.5749974168,1.0,96,0.00010000000475,0.000960253935773,0.888984375
1027.46541691,100589.872717,49920,4842240,38219,48.5855768754,1.0,97,0.00010000000475,0.00100757216569,0.889296875
1027.63910007,101617.511817,49920,4892160,38609,48.5773653381,1.0,98,0.00010000000475,0.000711920321919,0.8903125
1028.39820004,102645.910017,49920,4942080,38999,48.5415085307,1.0,99,0.00010000000475,0.000903598032892,0.886171875
